<?xml version="1.0" encoding="UTF-8"?>
<!-- Generated by org.testng.reporters.JUnitXMLReporter -->
<testsuite hostname="Praveen_246" name="Default test" tests="4" failures="0" timestamp="10 Jun 2021 05:22:39 GMT" time="63.502" errors="0">
  <testcase name="VerifyLogin" time="18.198" classname="june10.OrangeHrm"/>
  <testcase name="VerifyLogin" time="11.056" classname="june10.OrangeHrm"/>
  <testcase name="VerifyLogin" time="11.976" classname="june10.OrangeHrm"/>
  <testcase name="VerifyLogin" time="11.308" classname="june10.OrangeHrm"/>
</testsuite> <!-- Default test -->
